[18:21:39] [Server thread/INFO]: Starting minecraft server version 1.12
[18:21:39] [Server thread/INFO]: Loading properties
[18:21:40] [Server thread/INFO]: Default game type: SURVIVAL
[18:21:40] [Server thread/INFO]: Generating keypair
[18:21:40] [Server thread/INFO]: Starting Minecraft server on *:25565
[18:21:40] [Server thread/INFO]: Using default channel type
[18:21:40] [Server thread/INFO]: This server is running CraftBukkit version git-Bukkit-ed8c725 (MC: 1.12) (Implementing API version 1.12-R0.1-SNAPSHOT)
[18:21:40] [Server thread/INFO]: [RaspberryJuice] Loading RaspberryJuice v1.10
[18:21:40] [Server thread/WARN]: **** SERVER IS RUNNING IN OFFLINE/INSECURE MODE!
[18:21:40] [Server thread/WARN]: The server will make no attempt to authenticate usernames. Beware.
[18:21:40] [Server thread/WARN]: While this makes the game possible to play without internet access, it also opens up the ability for hackers to connect with any username they choose.
[18:21:40] [Server thread/WARN]: To change this, set "online-mode" to "true" in the server.properties file.
[18:21:40] [Server thread/INFO]: Preparing level "world"
[18:21:40] [Server thread/INFO]: Preparing start region for level 0 (Seed: -4957058184805743034)
[18:21:40] [Server thread/INFO]: Preparing start region for level 1 (Seed: -4957058184805743034)
[18:21:40] [Server thread/INFO]: Preparing start region for level 2 (Seed: -4957058184805743034)
[18:21:40] [Server thread/INFO]: [RaspberryJuice] Enabling RaspberryJuice v1.10
[18:21:40] [Server thread/INFO]: [RaspberryJuice] Using port 4711
[18:21:40] [Server thread/INFO]: [RaspberryJuice] Using ABSOLUTE locations
[18:21:40] [Server thread/INFO]: [RaspberryJuice] Using BOTH clicks for hits
[18:21:40] [Server thread/INFO]: [RaspberryJuice] ThreadListener Started
[18:21:40] [Server thread/INFO]: Server permissions file permissions.yml is empty, ignoring it
[18:21:40] [Server thread/INFO]: Done (0,489s)! For help, type "help" or "?"
[18:21:55] [Server thread/INFO]: FaRiNa010[/127.0.0.1:64446] logged in with entity id 10 at ([world]28.718815123105454, 4.0, 67.5873819840247)
[18:22:09] [Server thread/INFO]: Set FaRiNa010's game mode to Creative Mode
[18:25:20] [Server thread/INFO]: Stopping the server
[18:25:20] [Server thread/INFO]: Stopping server
[18:25:20] [Server thread/INFO]: [RaspberryJuice] Disabling RaspberryJuice v1.10
[18:25:20] [Server thread/INFO]: [RaspberryJuice] Raspberry Juice Stopped
[18:25:20] [Server thread/INFO]: Saving players
[18:25:20] [Server thread/INFO]: FaRiNa010 lost connection: Server closed
[18:25:20] [Server thread/INFO]: FaRiNa010 left the game
[18:25:20] [Server thread/INFO]: Saving worlds
[18:25:20] [Server thread/INFO]: Saving chunks for level 'world'/overworld
[18:25:20] [Server thread/INFO]: Saving chunks for level 'world_nether'/the_nether
[18:25:20] [Server thread/INFO]: Saving chunks for level 'world_the_end'/the_end
